>>> print_square()
Traceback (most recent call last):
  File "<stdin>", line 1, in <module>
TypeError: print_square() missing 1 required positional argument: 'size'
>>> print_square(a)
Traceback (most recent call last):
  File "<stdin>", line 1, in <module>
NameError: name 'a' is not defined
>>> print_square("a")
Traceback (most recent call last):
  File "<stdin>", line 1, in <module>
  File "/root/holbertonschool-higher_level_programming/0x07-python-test_driven_development/4-print_square.py", line 12, in print_square
    raise TypeError("size must be integer")
TypeError: size must be integer
>>> try:
...     print_square(-1)
... except Exception as e:
...     print(e)
...
size must be >= 0
